C:\USERS\STEPAN\DOCUMENTS\VISUAL STUDIO 2012\PROJECTS\PROJECT6\PROJECT6\DEBUG\METODS.OBJ
C:\USERS\STEPAN\DOCUMENTS\VISUAL STUDIO 2012\PROJECTS\PROJECT6\PROJECT6\DEBUG\SOURCE.OBJ
C:\USERS\STEPAN\DOCUMENTS\VISUAL STUDIO 2012\PROJECTS\PROJECT6\PROJECT6\DEBUG\VC110.PDB
C:\USERS\STEPAN\DOCUMENTS\VISUAL STUDIO 2012\PROJECTS\PROJECT6\DEBUG\PROJECT6.ILK
C:\USERS\STEPAN\DOCUMENTS\VISUAL STUDIO 2012\PROJECTS\PROJECT6\DEBUG\PROJECT6.EXE
C:\USERS\STEPAN\DOCUMENTS\VISUAL STUDIO 2012\PROJECTS\PROJECT6\DEBUG\PROJECT6.PDB
C:\Users\Stepan\documents\visual studio 2012\Projects\Project6\Project6\Debug\Metods.obj
C:\Users\Stepan\documents\visual studio 2012\Projects\Project6\Project6\Debug\Source.obj
C:\Users\Stepan\documents\visual studio 2012\Projects\Project6\Project6\Debug\cl.command.1.tlog
C:\Users\Stepan\documents\visual studio 2012\Projects\Project6\Project6\Debug\CL.read.1.tlog
C:\Users\Stepan\documents\visual studio 2012\Projects\Project6\Project6\Debug\CL.write.1.tlog
C:\Users\Stepan\documents\visual studio 2012\Projects\Project6\Project6\Debug\link-cvtres.read.1.tlog
C:\Users\Stepan\documents\visual studio 2012\Projects\Project6\Project6\Debug\link-cvtres.write.1.tlog
C:\Users\Stepan\documents\visual studio 2012\Projects\Project6\Project6\Debug\link-rc.read.1.tlog
C:\Users\Stepan\documents\visual studio 2012\Projects\Project6\Project6\Debug\link-rc.write.1.tlog
C:\Users\Stepan\documents\visual studio 2012\Projects\Project6\Project6\Debug\link.3256-cvtres.read.1.tlog
C:\Users\Stepan\documents\visual studio 2012\Projects\Project6\Project6\Debug\link.3256-cvtres.write.1.tlog
C:\Users\Stepan\documents\visual studio 2012\Projects\Project6\Project6\Debug\link.3256-rc.read.1.tlog
C:\Users\Stepan\documents\visual studio 2012\Projects\Project6\Project6\Debug\link.3256-rc.write.1.tlog
C:\Users\Stepan\documents\visual studio 2012\Projects\Project6\Project6\Debug\link.3256.read.1.tlog
C:\Users\Stepan\documents\visual studio 2012\Projects\Project6\Project6\Debug\link.3256.write.1.tlog
C:\Users\Stepan\documents\visual studio 2012\Projects\Project6\Project6\Debug\link.3824-cvtres.read.1.tlog
C:\Users\Stepan\documents\visual studio 2012\Projects\Project6\Project6\Debug\link.3824-cvtres.write.1.tlog
C:\Users\Stepan\documents\visual studio 2012\Projects\Project6\Project6\Debug\link.3824-rc.read.1.tlog
C:\Users\Stepan\documents\visual studio 2012\Projects\Project6\Project6\Debug\link.3824-rc.write.1.tlog
C:\Users\Stepan\documents\visual studio 2012\Projects\Project6\Project6\Debug\link.3824.read.1.tlog
C:\Users\Stepan\documents\visual studio 2012\Projects\Project6\Project6\Debug\link.3824.write.1.tlog
C:\Users\Stepan\documents\visual studio 2012\Projects\Project6\Project6\Debug\link.6284-cvtres.read.1.tlog
C:\Users\Stepan\documents\visual studio 2012\Projects\Project6\Project6\Debug\link.6284-cvtres.write.1.tlog
C:\Users\Stepan\documents\visual studio 2012\Projects\Project6\Project6\Debug\link.6284-rc.read.1.tlog
C:\Users\Stepan\documents\visual studio 2012\Projects\Project6\Project6\Debug\link.6284-rc.write.1.tlog
C:\Users\Stepan\documents\visual studio 2012\Projects\Project6\Project6\Debug\link.6284.read.1.tlog
C:\Users\Stepan\documents\visual studio 2012\Projects\Project6\Project6\Debug\link.6284.write.1.tlog
C:\Users\Stepan\documents\visual studio 2012\Projects\Project6\Project6\Debug\link.command.1.tlog
C:\Users\Stepan\documents\visual studio 2012\Projects\Project6\Project6\Debug\link.read.1.tlog
C:\Users\Stepan\documents\visual studio 2012\Projects\Project6\Project6\Debug\link.write.1.tlog
C:\Users\Stepan\documents\visual studio 2012\Projects\Project6\Project6\Debug\vc110.idb
C:\Users\Stepan\documents\visual studio 2012\Projects\Project6\Project6\Debug\vc110.pdb
C:\Users\Stepan\documents\visual studio 2012\Projects\Project6\Debug\Project6.pdb
C:\Users\Stepan\documents\visual studio 2012\Projects\Project6\Debug\Project6.exe
C:\Users\Stepan\documents\visual studio 2012\Projects\Project6\Debug\Project6.ilk
